{"/home/chris/code/inventory/testConfig.js": {"path":"/home/chris/code/inventory/testConfig.js","statementMap":{"0":{"start":{"line":4,"column":0},"end":{"line":9,"column":1}}},"fnMap":{},"branchMap":{},"s":{"0":1},"f":{},"b":{},"_coverageSchema":"1a1c01bbd47fc00a2c39e90264f33305004495a9","hash":"f319517d139db5656e671ed11f4fc05ecc404e99"}
,"/home/chris/code/inventory/server/server.js": {"path":"/home/chris/code/inventory/server/server.js","statementMap":{"0":{"start":{"line":1,"column":16},"end":{"line":1,"column":34}},"1":{"start":{"line":2,"column":13},"end":{"line":2,"column":28}},"2":{"start":{"line":3,"column":22},"end":{"line":3,"column":47}},"3":{"start":{"line":4,"column":22},"end":{"line":4,"column":52}},"4":{"start":{"line":5,"column":21},"end":{"line":5,"column":45}},"5":{"start":{"line":6,"column":15},"end":{"line":6,"column":32}},"6":{"start":{"line":7,"column":0},"end":{"line":7,"column":16}},"7":{"start":{"line":10,"column":17},"end":{"line":10,"column":36}},"8":{"start":{"line":12,"column":18},"end":{"line":12,"column":20}},"9":{"start":{"line":16,"column":0},"end":{"line":21,"column":1}},"10":{"start":{"line":17,"column":4},"end":{"line":17,"column":40}},"11":{"start":{"line":20,"column":4},"end":{"line":20,"column":44}},"12":{"start":{"line":23,"column":13},"end":{"line":23,"column":37}},"13":{"start":{"line":25,"column":0},"end":{"line":25,"column":30}},"14":{"start":{"line":27,"column":0},"end":{"line":31,"column":3}},"15":{"start":{"line":28,"column":4},"end":{"line":30,"column":5}},"16":{"start":{"line":29,"column":8},"end":{"line":29,"column":53}},"17":{"start":{"line":33,"column":0},"end":{"line":36,"column":2}},"18":{"start":{"line":34,"column":4},"end":{"line":34,"column":21}},"19":{"start":{"line":38,"column":12},"end":{"line":38,"column":21}},"20":{"start":{"line":41,"column":0},"end":{"line":41,"column":16}},"21":{"start":{"line":42,"column":0},"end":{"line":42,"column":24}},"22":{"start":{"line":43,"column":15},"end":{"line":43,"column":37}},"23":{"start":{"line":44,"column":0},"end":{"line":44,"column":21}},"24":{"start":{"line":45,"column":0},"end":{"line":45,"column":23}},"25":{"start":{"line":48,"column":0},"end":{"line":52,"column":3}},"26":{"start":{"line":54,"column":0},"end":{"line":54,"column":24}},"27":{"start":{"line":57,"column":0},"end":{"line":59,"column":3}},"28":{"start":{"line":58,"column":4},"end":{"line":58,"column":41}},"29":{"start":{"line":62,"column":22},"end":{"line":62,"column":50}},"30":{"start":{"line":63,"column":19},"end":{"line":63,"column":44}},"31":{"start":{"line":65,"column":0},"end":{"line":65,"column":36}},"32":{"start":{"line":66,"column":0},"end":{"line":66,"column":30}},"33":{"start":{"line":68,"column":0},"end":{"line":70,"column":3}},"34":{"start":{"line":69,"column":4},"end":{"line":69,"column":59}},"35":{"start":{"line":73,"column":0},"end":{"line":73,"column":21}}},"fnMap":{"0":{"name":"(anonymous_0)","decl":{"start":{"line":27,"column":36},"end":{"line":27,"column":37}},"loc":{"start":{"line":27,"column":42},"end":{"line":31,"column":1}},"line":27},"1":{"name":"(anonymous_1)","decl":{"start":{"line":33,"column":32},"end":{"line":33,"column":33}},"loc":{"start":{"line":33,"column":41},"end":{"line":35,"column":5}},"line":33},"2":{"name":"(anonymous_2)","decl":{"start":{"line":57,"column":13},"end":{"line":57,"column":14}},"loc":{"start":{"line":57,"column":27},"end":{"line":59,"column":1}},"line":57},"3":{"name":"(anonymous_3)","decl":{"start":{"line":68,"column":17},"end":{"line":68,"column":18}},"loc":{"start":{"line":68,"column":23},"end":{"line":70,"column":1}},"line":68}},"branchMap":{"0":{"loc":{"start":{"line":16,"column":0},"end":{"line":21,"column":1}},"type":"if","locations":[{"start":{"line":16,"column":0},"end":{"line":21,"column":1}},{"start":{"line":19,"column":7},"end":{"line":21,"column":1}}],"line":16},"1":{"loc":{"start":{"line":23,"column":13},"end":{"line":23,"column":37}},"type":"binary-expr","locations":[{"start":{"line":23,"column":13},"end":{"line":23,"column":29}},{"start":{"line":23,"column":33},"end":{"line":23,"column":37}}],"line":23},"2":{"loc":{"start":{"line":28,"column":4},"end":{"line":30,"column":5}},"type":"if","locations":[{"start":{"line":28,"column":4},"end":{"line":30,"column":5}},{"start":{},"end":{}}],"line":28}},"s":{"0":1,"1":1,"2":1,"3":1,"4":1,"5":1,"6":1,"7":1,"8":1,"9":1,"10":0,"11":1,"12":1,"13":1,"14":1,"15":0,"16":0,"17":1,"18":0,"19":1,"20":1,"21":1,"22":1,"23":1,"24":1,"25":1,"26":1,"27":1,"28":0,"29":1,"30":1,"31":1,"32":1,"33":1,"34":1,"35":1},"f":{"0":0,"1":0,"2":0,"3":1},"b":{"0":[0,1],"1":[1,0],"2":[0,0]},"_coverageSchema":"1a1c01bbd47fc00a2c39e90264f33305004495a9","hash":"f2f2a36e956c6827c67c3fd1013c57b6f13f7df4"}
,"/home/chris/code/inventory/server/lib/cookieChecker.js": {"path":"/home/chris/code/inventory/server/lib/cookieChecker.js","statementMap":{"0":{"start":{"line":5,"column":0},"end":{"line":10,"column":1}},"1":{"start":{"line":6,"column":4},"end":{"line":8,"column":5}},"2":{"start":{"line":7,"column":8},"end":{"line":7,"column":33}},"3":{"start":{"line":9,"column":4},"end":{"line":9,"column":10}}},"fnMap":{"0":{"name":"cookieChecker","decl":{"start":{"line":5,"column":26},"end":{"line":5,"column":39}},"loc":{"start":{"line":5,"column":57},"end":{"line":10,"column":1}},"line":5}},"branchMap":{"0":{"loc":{"start":{"line":6,"column":4},"end":{"line":8,"column":5}},"type":"if","locations":[{"start":{"line":6,"column":4},"end":{"line":8,"column":5}},{"start":{},"end":{}}],"line":6}},"s":{"0":1,"1":1,"2":1,"3":1},"f":{"0":1},"b":{"0":[1,0]},"_coverageSchema":"1a1c01bbd47fc00a2c39e90264f33305004495a9","hash":"9187feb579ef6c9d404630707dff8489fb12c012"}
,"/home/chris/code/inventory/server/lib/logOperations.js": {"path":"/home/chris/code/inventory/server/lib/logOperations.js","statementMap":{"0":{"start":{"line":2,"column":11},"end":{"line":2,"column":24}},"1":{"start":{"line":31,"column":21},"end":{"line":37,"column":9}},"2":{"start":{"line":39,"column":4},"end":{"line":45,"column":5}},"3":{"start":{"line":41,"column":8},"end":{"line":41,"column":93}},"4":{"start":{"line":44,"column":8},"end":{"line":44,"column":25}},"5":{"start":{"line":48,"column":0},"end":{"line":48,"column":37}}},"fnMap":{"0":{"name":"logDatabaseOperation","decl":{"start":{"line":5,"column":9},"end":{"line":5,"column":29}},"loc":{"start":{"line":5,"column":60},"end":{"line":46,"column":1}},"line":5}},"branchMap":{},"s":{"0":1,"1":0,"2":0,"3":0,"4":0,"5":1},"f":{"0":0},"b":{},"_coverageSchema":"1a1c01bbd47fc00a2c39e90264f33305004495a9","hash":"1cc5be9cf5cb9724243cf25bdb3e6628897880f5"}
,"/home/chris/code/inventory/server/lib/megan.js": {"path":"/home/chris/code/inventory/server/lib/megan.js","statementMap":{"0":{"start":{"line":3,"column":15},"end":{"line":3,"column":32}},"1":{"start":{"line":6,"column":4},"end":{"line":22,"column":5}},"2":{"start":{"line":8,"column":12},"end":{"line":8,"column":29}},"3":{"start":{"line":11,"column":12},"end":{"line":15,"column":13}},"4":{"start":{"line":12,"column":16},"end":{"line":12,"column":99}},"5":{"start":{"line":14,"column":16},"end":{"line":14,"column":34}},"6":{"start":{"line":17,"column":12},"end":{"line":17,"column":28}},"7":{"start":{"line":19,"column":12},"end":{"line":19,"column":27}},"8":{"start":{"line":21,"column":12},"end":{"line":21,"column":23}},"9":{"start":{"line":26,"column":0},"end":{"line":32,"column":1}},"10":{"start":{"line":27,"column":4},"end":{"line":27,"column":98}},"11":{"start":{"line":28,"column":4},"end":{"line":30,"column":5}},"12":{"start":{"line":29,"column":8},"end":{"line":29,"column":57}},"13":{"start":{"line":31,"column":4},"end":{"line":31,"column":11}}},"fnMap":{"0":{"name":"colorifier","decl":{"start":{"line":5,"column":9},"end":{"line":5,"column":19}},"loc":{"start":{"line":5,"column":30},"end":{"line":23,"column":1}},"line":5},"1":{"name":"logger","decl":{"start":{"line":26,"column":26},"end":{"line":26,"column":32}},"loc":{"start":{"line":26,"column":50},"end":{"line":32,"column":1}},"line":26}},"branchMap":{"0":{"loc":{"start":{"line":6,"column":4},"end":{"line":22,"column":5}},"type":"switch","locations":[{"start":{"line":7,"column":8},"end":{"line":8,"column":29}},{"start":{"line":9,"column":8},"end":{"line":15,"column":13}},{"start":{"line":16,"column":8},"end":{"line":17,"column":28}},{"start":{"line":18,"column":8},"end":{"line":19,"column":27}},{"start":{"line":20,"column":8},"end":{"line":21,"column":23}}],"line":6},"1":{"loc":{"start":{"line":11,"column":12},"end":{"line":15,"column":13}},"type":"if","locations":[{"start":{"line":11,"column":12},"end":{"line":15,"column":13}},{"start":{"line":13,"column":19},"end":{"line":15,"column":13}}],"line":11},"2":{"loc":{"start":{"line":28,"column":4},"end":{"line":30,"column":5}},"type":"if","locations":[{"start":{"line":28,"column":4},"end":{"line":30,"column":5}},{"start":{},"end":{}}],"line":28}},"s":{"0":1,"1":1,"2":1,"3":0,"4":0,"5":0,"6":0,"7":0,"8":0,"9":1,"10":1,"11":1,"12":0,"13":1},"f":{"0":1,"1":1},"b":{"0":[1,0,0,0,0],"1":[0,0],"2":[0,1]},"_coverageSchema":"1a1c01bbd47fc00a2c39e90264f33305004495a9","hash":"b8064bbb4ee49c0362953400ddc0aecee0b48f82"}
,"/home/chris/code/inventory/server/lib/passwordUtils.js": {"path":"/home/chris/code/inventory/server/lib/passwordUtils.js","statementMap":{"0":{"start":{"line":1,"column":15},"end":{"line":1,"column":32}},"1":{"start":{"line":2,"column":12},"end":{"line":2,"column":35}},"2":{"start":{"line":8,"column":4},"end":{"line":8,"column":20}},"3":{"start":{"line":9,"column":17},"end":{"line":9,"column":39}},"4":{"start":{"line":10,"column":4},"end":{"line":10,"column":38}},"5":{"start":{"line":15,"column":4},"end":{"line":15,"column":41}},"6":{"start":{"line":21,"column":4},"end":{"line":21,"column":25}},"7":{"start":{"line":23,"column":4},"end":{"line":23,"column":65}},"8":{"start":{"line":29,"column":18},"end":{"line":29,"column":43}},"9":{"start":{"line":30,"column":4},"end":{"line":42,"column":5}},"10":{"start":{"line":31,"column":8},"end":{"line":38,"column":11}},"11":{"start":{"line":32,"column":12},"end":{"line":37,"column":13}},"12":{"start":{"line":33,"column":16},"end":{"line":33,"column":81}},"13":{"start":{"line":35,"column":16},"end":{"line":35,"column":38}},"14":{"start":{"line":36,"column":16},"end":{"line":36,"column":23}},"15":{"start":{"line":41,"column":8},"end":{"line":41,"column":63}},"16":{"start":{"line":46,"column":0},"end":{"line":51,"column":18}}},"fnMap":{"0":{"name":"hashPassword","decl":{"start":{"line":7,"column":9},"end":{"line":7,"column":21}},"loc":{"start":{"line":7,"column":28},"end":{"line":11,"column":1}},"line":7},"1":{"name":"checkPassword","decl":{"start":{"line":14,"column":9},"end":{"line":14,"column":22}},"loc":{"start":{"line":14,"column":35},"end":{"line":16,"column":1}},"line":14},"2":{"name":"generateToken","decl":{"start":{"line":19,"column":9},"end":{"line":19,"column":22}},"loc":{"start":{"line":19,"column":30},"end":{"line":24,"column":1}},"line":19},"3":{"name":"checkToken","decl":{"start":{"line":28,"column":9},"end":{"line":28,"column":19}},"loc":{"start":{"line":28,"column":37},"end":{"line":43,"column":1}},"line":28},"4":{"name":"(anonymous_4)","decl":{"start":{"line":31,"column":65},"end":{"line":31,"column":66}},"loc":{"start":{"line":31,"column":83},"end":{"line":38,"column":9}},"line":31}},"branchMap":{"0":{"loc":{"start":{"line":23,"column":26},"end":{"line":23,"column":63}},"type":"binary-expr","locations":[{"start":{"line":23,"column":26},"end":{"line":23,"column":44}},{"start":{"line":23,"column":48},"end":{"line":23,"column":63}}],"line":23},"1":{"loc":{"start":{"line":30,"column":4},"end":{"line":42,"column":5}},"type":"if","locations":[{"start":{"line":30,"column":4},"end":{"line":42,"column":5}},{"start":{"line":39,"column":11},"end":{"line":42,"column":5}}],"line":30},"2":{"loc":{"start":{"line":31,"column":26},"end":{"line":31,"column":63}},"type":"binary-expr","locations":[{"start":{"line":31,"column":26},"end":{"line":31,"column":44}},{"start":{"line":31,"column":48},"end":{"line":31,"column":63}}],"line":31},"3":{"loc":{"start":{"line":32,"column":12},"end":{"line":37,"column":13}},"type":"if","locations":[{"start":{"line":32,"column":12},"end":{"line":37,"column":13}},{"start":{"line":34,"column":19},"end":{"line":37,"column":13}}],"line":32}},"s":{"0":1,"1":1,"2":0,"3":0,"4":0,"5":0,"6":0,"7":0,"8":0,"9":0,"10":0,"11":0,"12":0,"13":0,"14":0,"15":0,"16":1},"f":{"0":0,"1":0,"2":0,"3":0,"4":0},"b":{"0":[0,0],"1":[0,0],"2":[0,0],"3":[0,0]},"_coverageSchema":"1a1c01bbd47fc00a2c39e90264f33305004495a9","hash":"9b4cf8c2271e9c4339e3459033b4504bf04adbf8"}
,"/home/chris/code/inventory/server/lib/routeProtection.js": {"path":"/home/chris/code/inventory/server/lib/routeProtection.js","statementMap":{"0":{"start":{"line":2,"column":13},"end":{"line":2,"column":38}},"1":{"start":{"line":6,"column":4},"end":{"line":15,"column":5}},"2":{"start":{"line":7,"column":21},"end":{"line":7,"column":69}},"3":{"start":{"line":8,"column":8},"end":{"line":12,"column":9}},"4":{"start":{"line":9,"column":12},"end":{"line":9,"column":18}},"5":{"start":{"line":11,"column":12},"end":{"line":11,"column":68}},"6":{"start":{"line":14,"column":8},"end":{"line":14,"column":64}},"7":{"start":{"line":22,"column":4},"end":{"line":31,"column":5}},"8":{"start":{"line":23,"column":21},"end":{"line":23,"column":69}},"9":{"start":{"line":24,"column":8},"end":{"line":28,"column":9}},"10":{"start":{"line":25,"column":12},"end":{"line":25,"column":18}},"11":{"start":{"line":27,"column":12},"end":{"line":27,"column":97}},"12":{"start":{"line":30,"column":8},"end":{"line":30,"column":64}},"13":{"start":{"line":34,"column":0},"end":{"line":34,"column":45}}},"fnMap":{"0":{"name":"requireLogin","decl":{"start":{"line":5,"column":15},"end":{"line":5,"column":27}},"loc":{"start":{"line":5,"column":45},"end":{"line":17,"column":1}},"line":5},"1":{"name":"requireAdmin","decl":{"start":{"line":21,"column":15},"end":{"line":21,"column":27}},"loc":{"start":{"line":21,"column":45},"end":{"line":32,"column":1}},"line":21}},"branchMap":{"0":{"loc":{"start":{"line":6,"column":4},"end":{"line":15,"column":5}},"type":"if","locations":[{"start":{"line":6,"column":4},"end":{"line":15,"column":5}},{"start":{"line":13,"column":11},"end":{"line":15,"column":5}}],"line":6},"1":{"loc":{"start":{"line":8,"column":8},"end":{"line":12,"column":9}},"type":"if","locations":[{"start":{"line":8,"column":8},"end":{"line":12,"column":9}},{"start":{"line":10,"column":15},"end":{"line":12,"column":9}}],"line":8},"2":{"loc":{"start":{"line":8,"column":11},"end":{"line":8,"column":60}},"type":"binary-expr","locations":[{"start":{"line":8,"column":11},"end":{"line":8,"column":24}},{"start":{"line":8,"column":28},"end":{"line":8,"column":60}}],"line":8},"3":{"loc":{"start":{"line":22,"column":4},"end":{"line":31,"column":5}},"type":"if","locations":[{"start":{"line":22,"column":4},"end":{"line":31,"column":5}},{"start":{"line":29,"column":11},"end":{"line":31,"column":5}}],"line":22},"4":{"loc":{"start":{"line":24,"column":8},"end":{"line":28,"column":9}},"type":"if","locations":[{"start":{"line":24,"column":8},"end":{"line":28,"column":9}},{"start":{"line":26,"column":15},"end":{"line":28,"column":9}}],"line":24},"5":{"loc":{"start":{"line":24,"column":11},"end":{"line":24,"column":74}},"type":"binary-expr","locations":[{"start":{"line":24,"column":11},"end":{"line":24,"column":24}},{"start":{"line":24,"column":28},"end":{"line":24,"column":60}},{"start":{"line":24,"column":64},"end":{"line":24,"column":74}}],"line":24}},"s":{"0":1,"1":1,"2":0,"3":0,"4":0,"5":0,"6":1,"7":0,"8":0,"9":0,"10":0,"11":0,"12":0,"13":1},"f":{"0":1,"1":0},"b":{"0":[0,1],"1":[0,0],"2":[0,0],"3":[0,0],"4":[0,0],"5":[0,0,0]},"_coverageSchema":"1a1c01bbd47fc00a2c39e90264f33305004495a9","hash":"bf20ca3e51e7dff54a9d5ee3b905c75ad6ff42f9"}
,"/home/chris/code/inventory/server/models/encoder.js": {"path":"/home/chris/code/inventory/server/models/encoder.js","statementMap":{"0":{"start":{"line":1,"column":17},"end":{"line":1,"column":36}},"1":{"start":{"line":5,"column":0},"end":{"line":23,"column":3}},"2":{"start":{"line":25,"column":0},"end":{"line":25,"column":43}}},"fnMap":{},"branchMap":{},"s":{"0":1,"1":1,"2":1},"f":{},"b":{},"_coverageSchema":"1a1c01bbd47fc00a2c39e90264f33305004495a9","hash":"64ca6b87494432af7650405e413ce97dfd6ecfd4"}
,"/home/chris/code/inventory/server/models/user.js": {"path":"/home/chris/code/inventory/server/models/user.js","statementMap":{"0":{"start":{"line":2,"column":17},"end":{"line":2,"column":36}},"1":{"start":{"line":4,"column":0},"end":{"line":29,"column":3}},"2":{"start":{"line":31,"column":0},"end":{"line":31,"column":40}}},"fnMap":{},"branchMap":{},"s":{"0":1,"1":1,"2":1},"f":{},"b":{},"_coverageSchema":"1a1c01bbd47fc00a2c39e90264f33305004495a9","hash":"95463808018e295439d8dd94d51939766ec418f9"}
,"/home/chris/code/inventory/server/routes/encoders.js": {"path":"/home/chris/code/inventory/server/routes/encoders.js","statementMap":{"0":{"start":{"line":2,"column":16},"end":{"line":2,"column":34}},"1":{"start":{"line":3,"column":15},"end":{"line":3,"column":31}},"2":{"start":{"line":4,"column":16},"end":{"line":4,"column":44}},"3":{"start":{"line":5,"column":29},"end":{"line":5,"column":60}},"4":{"start":{"line":6,"column":37},"end":{"line":6,"column":70}},"5":{"start":{"line":9,"column":0},"end":{"line":17,"column":3}},"6":{"start":{"line":10,"column":4},"end":{"line":16,"column":6}},"7":{"start":{"line":11,"column":8},"end":{"line":15,"column":9}},"8":{"start":{"line":12,"column":12},"end":{"line":12,"column":26}},"9":{"start":{"line":14,"column":12},"end":{"line":14,"column":31}},"10":{"start":{"line":20,"column":0},"end":{"line":28,"column":3}},"11":{"start":{"line":21,"column":4},"end":{"line":27,"column":6}},"12":{"start":{"line":22,"column":8},"end":{"line":26,"column":9}},"13":{"start":{"line":23,"column":12},"end":{"line":23,"column":26}},"14":{"start":{"line":25,"column":12},"end":{"line":25,"column":30}},"15":{"start":{"line":31,"column":0},"end":{"line":40,"column":3}},"16":{"start":{"line":32,"column":4},"end":{"line":39,"column":6}},"17":{"start":{"line":33,"column":8},"end":{"line":38,"column":9}},"18":{"start":{"line":34,"column":12},"end":{"line":34,"column":26}},"19":{"start":{"line":36,"column":12},"end":{"line":36,"column":77}},"20":{"start":{"line":37,"column":12},"end":{"line":37,"column":51}},"21":{"start":{"line":43,"column":0},"end":{"line":52,"column":2}},"22":{"start":{"line":44,"column":4},"end":{"line":51,"column":6}},"23":{"start":{"line":45,"column":8},"end":{"line":50,"column":9}},"24":{"start":{"line":46,"column":12},"end":{"line":46,"column":26}},"25":{"start":{"line":48,"column":12},"end":{"line":48,"column":78}},"26":{"start":{"line":49,"column":12},"end":{"line":49,"column":64}},"27":{"start":{"line":55,"column":0},"end":{"line":64,"column":2}},"28":{"start":{"line":56,"column":4},"end":{"line":63,"column":6}},"29":{"start":{"line":57,"column":8},"end":{"line":62,"column":9}},"30":{"start":{"line":58,"column":12},"end":{"line":58,"column":26}},"31":{"start":{"line":60,"column":12},"end":{"line":60,"column":71}},"32":{"start":{"line":61,"column":12},"end":{"line":61,"column":64}},"33":{"start":{"line":68,"column":0},"end":{"line":88,"column":2}},"34":{"start":{"line":69,"column":4},"end":{"line":87,"column":6}},"35":{"start":{"line":70,"column":8},"end":{"line":86,"column":9}},"36":{"start":{"line":71,"column":12},"end":{"line":71,"column":26}},"37":{"start":{"line":73,"column":12},"end":{"line":77,"column":13}},"38":{"start":{"line":74,"column":16},"end":{"line":74,"column":39}},"39":{"start":{"line":76,"column":16},"end":{"line":76,"column":38}},"40":{"start":{"line":78,"column":12},"end":{"line":85,"column":14}},"41":{"start":{"line":79,"column":16},"end":{"line":84,"column":17}},"42":{"start":{"line":80,"column":20},"end":{"line":80,"column":34}},"43":{"start":{"line":82,"column":20},"end":{"line":82,"column":86}},"44":{"start":{"line":83,"column":20},"end":{"line":83,"column":72}},"45":{"start":{"line":90,"column":0},"end":{"line":90,"column":24}}},"fnMap":{"0":{"name":"(anonymous_0)","decl":{"start":{"line":9,"column":30},"end":{"line":9,"column":31}},"loc":{"start":{"line":9,"column":44},"end":{"line":17,"column":1}},"line":9},"1":{"name":"(anonymous_1)","decl":{"start":{"line":10,"column":21},"end":{"line":10,"column":22}},"loc":{"start":{"line":10,"column":40},"end":{"line":16,"column":5}},"line":10},"2":{"name":"(anonymous_2)","decl":{"start":{"line":20,"column":33},"end":{"line":20,"column":34}},"loc":{"start":{"line":20,"column":47},"end":{"line":28,"column":1}},"line":20},"3":{"name":"(anonymous_3)","decl":{"start":{"line":21,"column":36},"end":{"line":21,"column":37}},"loc":{"start":{"line":21,"column":54},"end":{"line":27,"column":5}},"line":21},"4":{"name":"(anonymous_4)","decl":{"start":{"line":31,"column":31},"end":{"line":31,"column":32}},"loc":{"start":{"line":31,"column":45},"end":{"line":40,"column":1}},"line":31},"5":{"name":"(anonymous_5)","decl":{"start":{"line":32,"column":29},"end":{"line":32,"column":30}},"loc":{"start":{"line":32,"column":47},"end":{"line":39,"column":5}},"line":32},"6":{"name":"(anonymous_6)","decl":{"start":{"line":43,"column":33},"end":{"line":43,"column":34}},"loc":{"start":{"line":43,"column":47},"end":{"line":52,"column":1}},"line":43},"7":{"name":"(anonymous_7)","decl":{"start":{"line":44,"column":55},"end":{"line":44,"column":56}},"loc":{"start":{"line":44,"column":73},"end":{"line":51,"column":5}},"line":44},"8":{"name":"(anonymous_8)","decl":{"start":{"line":55,"column":36},"end":{"line":55,"column":37}},"loc":{"start":{"line":55,"column":50},"end":{"line":64,"column":1}},"line":55},"9":{"name":"(anonymous_9)","decl":{"start":{"line":56,"column":45},"end":{"line":56,"column":46}},"loc":{"start":{"line":56,"column":63},"end":{"line":63,"column":5}},"line":56},"10":{"name":"(anonymous_10)","decl":{"start":{"line":68,"column":40},"end":{"line":68,"column":41}},"loc":{"start":{"line":68,"column":54},"end":{"line":88,"column":1}},"line":68},"11":{"name":"(anonymous_11)","decl":{"start":{"line":69,"column":36},"end":{"line":69,"column":37}},"loc":{"start":{"line":69,"column":54},"end":{"line":87,"column":5}},"line":69},"12":{"name":"(anonymous_12)","decl":{"start":{"line":78,"column":25},"end":{"line":78,"column":26}},"loc":{"start":{"line":78,"column":43},"end":{"line":85,"column":13}},"line":78}},"branchMap":{"0":{"loc":{"start":{"line":11,"column":8},"end":{"line":15,"column":9}},"type":"if","locations":[{"start":{"line":11,"column":8},"end":{"line":15,"column":9}},{"start":{"line":13,"column":15},"end":{"line":15,"column":9}}],"line":11},"1":{"loc":{"start":{"line":22,"column":8},"end":{"line":26,"column":9}},"type":"if","locations":[{"start":{"line":22,"column":8},"end":{"line":26,"column":9}},{"start":{"line":24,"column":15},"end":{"line":26,"column":9}}],"line":22},"2":{"loc":{"start":{"line":33,"column":8},"end":{"line":38,"column":9}},"type":"if","locations":[{"start":{"line":33,"column":8},"end":{"line":38,"column":9}},{"start":{"line":35,"column":15},"end":{"line":38,"column":9}}],"line":33},"3":{"loc":{"start":{"line":45,"column":8},"end":{"line":50,"column":9}},"type":"if","locations":[{"start":{"line":45,"column":8},"end":{"line":50,"column":9}},{"start":{"line":47,"column":15},"end":{"line":50,"column":9}}],"line":45},"4":{"loc":{"start":{"line":57,"column":8},"end":{"line":62,"column":9}},"type":"if","locations":[{"start":{"line":57,"column":8},"end":{"line":62,"column":9}},{"start":{"line":59,"column":15},"end":{"line":62,"column":9}}],"line":57},"5":{"loc":{"start":{"line":70,"column":8},"end":{"line":86,"column":9}},"type":"if","locations":[{"start":{"line":70,"column":8},"end":{"line":86,"column":9}},{"start":{"line":72,"column":15},"end":{"line":86,"column":9}}],"line":70},"6":{"loc":{"start":{"line":73,"column":12},"end":{"line":77,"column":13}},"type":"if","locations":[{"start":{"line":73,"column":12},"end":{"line":77,"column":13}},{"start":{"line":75,"column":19},"end":{"line":77,"column":13}}],"line":73},"7":{"loc":{"start":{"line":79,"column":16},"end":{"line":84,"column":17}},"type":"if","locations":[{"start":{"line":79,"column":16},"end":{"line":84,"column":17}},{"start":{"line":81,"column":23},"end":{"line":84,"column":17}}],"line":79}},"s":{"0":1,"1":1,"2":1,"3":1,"4":1,"5":1,"6":0,"7":0,"8":0,"9":0,"10":1,"11":0,"12":0,"13":0,"14":0,"15":1,"16":0,"17":0,"18":0,"19":0,"20":0,"21":1,"22":0,"23":0,"24":0,"25":0,"26":0,"27":1,"28":0,"29":0,"30":0,"31":0,"32":0,"33":1,"34":0,"35":0,"36":0,"37":0,"38":0,"39":0,"40":0,"41":0,"42":0,"43":0,"44":0,"45":1},"f":{"0":0,"1":0,"2":0,"3":0,"4":0,"5":0,"6":0,"7":0,"8":0,"9":0,"10":0,"11":0,"12":0},"b":{"0":[0,0],"1":[0,0],"2":[0,0],"3":[0,0],"4":[0,0],"5":[0,0],"6":[0,0],"7":[0,0]},"_coverageSchema":"1a1c01bbd47fc00a2c39e90264f33305004495a9","hash":"dd27a9f69a95d023efcb11172778414b7ec2b685"}
,"/home/chris/code/inventory/server/routes/users.js": {"path":"/home/chris/code/inventory/server/routes/users.js","statementMap":{"0":{"start":{"line":2,"column":16},"end":{"line":2,"column":34}},"1":{"start":{"line":3,"column":15},"end":{"line":3,"column":31}},"2":{"start":{"line":4,"column":13},"end":{"line":4,"column":38}},"3":{"start":{"line":5,"column":55},"end":{"line":5,"column":86}},"4":{"start":{"line":6,"column":29},"end":{"line":6,"column":60}},"5":{"start":{"line":7,"column":37},"end":{"line":7,"column":70}},"6":{"start":{"line":10,"column":0},"end":{"line":18,"column":3}},"7":{"start":{"line":11,"column":4},"end":{"line":17,"column":6}},"8":{"start":{"line":12,"column":8},"end":{"line":16,"column":9}},"9":{"start":{"line":13,"column":12},"end":{"line":13,"column":81}},"10":{"start":{"line":15,"column":12},"end":{"line":15,"column":28}},"11":{"start":{"line":21,"column":0},"end":{"line":33,"column":3}},"12":{"start":{"line":22,"column":4},"end":{"line":32,"column":6}},"13":{"start":{"line":23,"column":8},"end":{"line":31,"column":9}},"14":{"start":{"line":24,"column":12},"end":{"line":28,"column":15}},"15":{"start":{"line":30,"column":12},"end":{"line":30,"column":27}},"16":{"start":{"line":36,"column":0},"end":{"line":64,"column":3}},"17":{"start":{"line":37,"column":4},"end":{"line":63,"column":5}},"18":{"start":{"line":39,"column":18},"end":{"line":39,"column":41}},"19":{"start":{"line":41,"column":4},"end":{"line":41,"column":48}},"20":{"start":{"line":43,"column":4},"end":{"line":55,"column":6}},"21":{"start":{"line":44,"column":8},"end":{"line":54,"column":9}},"22":{"start":{"line":45,"column":12},"end":{"line":45,"column":74}},"23":{"start":{"line":46,"column":12},"end":{"line":50,"column":15}},"24":{"start":{"line":52,"column":12},"end":{"line":52,"column":65}},"25":{"start":{"line":53,"column":12},"end":{"line":53,"column":66}},"26":{"start":{"line":57,"column":8},"end":{"line":57,"column":86}},"27":{"start":{"line":58,"column":8},"end":{"line":62,"column":11}},"28":{"start":{"line":67,"column":0},"end":{"line":90,"column":3}},"29":{"start":{"line":68,"column":4},"end":{"line":89,"column":6}},"30":{"start":{"line":69,"column":8},"end":{"line":88,"column":9}},"31":{"start":{"line":70,"column":12},"end":{"line":70,"column":97}},"32":{"start":{"line":71,"column":12},"end":{"line":71,"column":78}},"33":{"start":{"line":74,"column":12},"end":{"line":74,"column":38}},"34":{"start":{"line":75,"column":12},"end":{"line":75,"column":40}},"35":{"start":{"line":76,"column":12},"end":{"line":76,"column":60}},"36":{"start":{"line":77,"column":12},"end":{"line":77,"column":40}},"37":{"start":{"line":79,"column":12},"end":{"line":87,"column":14}},"38":{"start":{"line":80,"column":16},"end":{"line":86,"column":17}},"39":{"start":{"line":81,"column":20},"end":{"line":81,"column":83}},"40":{"start":{"line":82,"column":20},"end":{"line":82,"column":89}},"41":{"start":{"line":84,"column":20},"end":{"line":84,"column":76}},"42":{"start":{"line":85,"column":20},"end":{"line":85,"column":109}},"43":{"start":{"line":93,"column":0},"end":{"line":108,"column":3}},"44":{"start":{"line":94,"column":4},"end":{"line":107,"column":6}},"45":{"start":{"line":95,"column":8},"end":{"line":106,"column":9}},"46":{"start":{"line":96,"column":12},"end":{"line":96,"column":80}},"47":{"start":{"line":97,"column":12},"end":{"line":97,"column":78}},"48":{"start":{"line":99,"column":12},"end":{"line":99,"column":69}},"49":{"start":{"line":100,"column":25},"end":{"line":104,"column":13}},"50":{"start":{"line":105,"column":12},"end":{"line":105,"column":78}},"51":{"start":{"line":113,"column":0},"end":{"line":151,"column":3}},"52":{"start":{"line":114,"column":32},"end":{"line":114,"column":45}},"53":{"start":{"line":115,"column":4},"end":{"line":150,"column":6}},"54":{"start":{"line":116,"column":8},"end":{"line":149,"column":9}},"55":{"start":{"line":117,"column":8},"end":{"line":146,"column":9}},"56":{"start":{"line":118,"column":12},"end":{"line":118,"column":71}},"57":{"start":{"line":119,"column":12},"end":{"line":119,"column":90}},"58":{"start":{"line":121,"column":12},"end":{"line":145,"column":13}},"59":{"start":{"line":122,"column":16},"end":{"line":141,"column":17}},"60":{"start":{"line":124,"column":34},"end":{"line":124,"column":53}},"61":{"start":{"line":126,"column":20},"end":{"line":126,"column":39}},"62":{"start":{"line":127,"column":20},"end":{"line":137,"column":22}},"63":{"start":{"line":128,"column":24},"end":{"line":136,"column":25}},"64":{"start":{"line":129,"column":28},"end":{"line":129,"column":85}},"65":{"start":{"line":130,"column":28},"end":{"line":130,"column":110}},"66":{"start":{"line":133,"column":28},"end":{"line":133,"column":54}},"67":{"start":{"line":135,"column":28},"end":{"line":135,"column":87}},"68":{"start":{"line":139,"column":20},"end":{"line":139,"column":52}},"69":{"start":{"line":140,"column":20},"end":{"line":140,"column":74}},"70":{"start":{"line":144,"column":16},"end":{"line":144,"column":72}},"71":{"start":{"line":148,"column":12},"end":{"line":148,"column":92}},"72":{"start":{"line":155,"column":0},"end":{"line":179,"column":3}},"73":{"start":{"line":156,"column":22},"end":{"line":156,"column":35}},"74":{"start":{"line":157,"column":4},"end":{"line":178,"column":6}},"75":{"start":{"line":158,"column":8},"end":{"line":177,"column":9}},"76":{"start":{"line":159,"column":12},"end":{"line":159,"column":90}},"77":{"start":{"line":161,"column":12},"end":{"line":176,"column":13}},"78":{"start":{"line":163,"column":16},"end":{"line":163,"column":34}},"79":{"start":{"line":164,"column":16},"end":{"line":173,"column":18}},"80":{"start":{"line":165,"column":20},"end":{"line":172,"column":21}},"81":{"start":{"line":166,"column":24},"end":{"line":166,"column":108}},"82":{"start":{"line":168,"column":24},"end":{"line":168,"column":79}},"83":{"start":{"line":170,"column":24},"end":{"line":170,"column":42}},"84":{"start":{"line":171,"column":24},"end":{"line":171,"column":69}},"85":{"start":{"line":175,"column":16},"end":{"line":175,"column":70}},"86":{"start":{"line":181,"column":0},"end":{"line":181,"column":24}}},"fnMap":{"0":{"name":"(anonymous_0)","decl":{"start":{"line":10,"column":30},"end":{"line":10,"column":31}},"loc":{"start":{"line":10,"column":44},"end":{"line":18,"column":1}},"line":10},"1":{"name":"(anonymous_1)","decl":{"start":{"line":11,"column":18},"end":{"line":11,"column":19}},"loc":{"start":{"line":11,"column":34},"end":{"line":17,"column":5}},"line":11},"2":{"name":"(anonymous_2)","decl":{"start":{"line":21,"column":33},"end":{"line":21,"column":34}},"loc":{"start":{"line":21,"column":47},"end":{"line":33,"column":1}},"line":21},"3":{"name":"(anonymous_3)","decl":{"start":{"line":22,"column":33},"end":{"line":22,"column":34}},"loc":{"start":{"line":22,"column":48},"end":{"line":32,"column":5}},"line":22},"4":{"name":"(anonymous_4)","decl":{"start":{"line":36,"column":31},"end":{"line":36,"column":32}},"loc":{"start":{"line":36,"column":45},"end":{"line":64,"column":1}},"line":36},"5":{"name":"(anonymous_5)","decl":{"start":{"line":43,"column":14},"end":{"line":43,"column":15}},"loc":{"start":{"line":43,"column":29},"end":{"line":55,"column":5}},"line":43},"6":{"name":"(anonymous_6)","decl":{"start":{"line":67,"column":33},"end":{"line":67,"column":34}},"loc":{"start":{"line":67,"column":47},"end":{"line":90,"column":1}},"line":67},"7":{"name":"(anonymous_7)","decl":{"start":{"line":68,"column":33},"end":{"line":68,"column":34}},"loc":{"start":{"line":68,"column":48},"end":{"line":89,"column":5}},"line":68},"8":{"name":"(anonymous_8)","decl":{"start":{"line":79,"column":22},"end":{"line":79,"column":23}},"loc":{"start":{"line":79,"column":37},"end":{"line":87,"column":13}},"line":79},"9":{"name":"(anonymous_9)","decl":{"start":{"line":93,"column":36},"end":{"line":93,"column":37}},"loc":{"start":{"line":93,"column":50},"end":{"line":108,"column":1}},"line":93},"10":{"name":"(anonymous_10)","decl":{"start":{"line":94,"column":42},"end":{"line":94,"column":43}},"loc":{"start":{"line":94,"column":57},"end":{"line":107,"column":5}},"line":94},"11":{"name":"(anonymous_11)","decl":{"start":{"line":113,"column":22},"end":{"line":113,"column":23}},"loc":{"start":{"line":113,"column":36},"end":{"line":151,"column":1}},"line":113},"12":{"name":"(anonymous_12)","decl":{"start":{"line":115,"column":35},"end":{"line":115,"column":36}},"loc":{"start":{"line":115,"column":56},"end":{"line":150,"column":5}},"line":115},"13":{"name":"(anonymous_13)","decl":{"start":{"line":127,"column":36},"end":{"line":127,"column":37}},"loc":{"start":{"line":127,"column":51},"end":{"line":137,"column":21}},"line":127},"14":{"name":"(anonymous_14)","decl":{"start":{"line":155,"column":23},"end":{"line":155,"column":24}},"loc":{"start":{"line":155,"column":37},"end":{"line":179,"column":1}},"line":155},"15":{"name":"(anonymous_15)","decl":{"start":{"line":157,"column":33},"end":{"line":157,"column":34}},"loc":{"start":{"line":157,"column":48},"end":{"line":178,"column":5}},"line":157},"16":{"name":"(anonymous_16)","decl":{"start":{"line":164,"column":26},"end":{"line":164,"column":27}},"loc":{"start":{"line":164,"column":41},"end":{"line":173,"column":17}},"line":164}},"branchMap":{"0":{"loc":{"start":{"line":12,"column":8},"end":{"line":16,"column":9}},"type":"if","locations":[{"start":{"line":12,"column":8},"end":{"line":16,"column":9}},{"start":{"line":14,"column":15},"end":{"line":16,"column":9}}],"line":12},"1":{"loc":{"start":{"line":23,"column":8},"end":{"line":31,"column":9}},"type":"if","locations":[{"start":{"line":23,"column":8},"end":{"line":31,"column":9}},{"start":{"line":29,"column":15},"end":{"line":31,"column":9}}],"line":23},"2":{"loc":{"start":{"line":44,"column":8},"end":{"line":54,"column":9}},"type":"if","locations":[{"start":{"line":44,"column":8},"end":{"line":54,"column":9}},{"start":{"line":51,"column":15},"end":{"line":54,"column":9}}],"line":44},"3":{"loc":{"start":{"line":69,"column":8},"end":{"line":88,"column":9}},"type":"if","locations":[{"start":{"line":69,"column":8},"end":{"line":88,"column":9}},{"start":{"line":72,"column":15},"end":{"line":88,"column":9}}],"line":69},"4":{"loc":{"start":{"line":80,"column":16},"end":{"line":86,"column":17}},"type":"if","locations":[{"start":{"line":80,"column":16},"end":{"line":86,"column":17}},{"start":{"line":83,"column":23},"end":{"line":86,"column":17}}],"line":80},"5":{"loc":{"start":{"line":95,"column":8},"end":{"line":106,"column":9}},"type":"if","locations":[{"start":{"line":95,"column":8},"end":{"line":106,"column":9}},{"start":{"line":98,"column":15},"end":{"line":106,"column":9}}],"line":95},"6":{"loc":{"start":{"line":117,"column":8},"end":{"line":146,"column":9}},"type":"if","locations":[{"start":{"line":117,"column":8},"end":{"line":146,"column":9}},{"start":{"line":120,"column":15},"end":{"line":146,"column":9}}],"line":117},"7":{"loc":{"start":{"line":121,"column":12},"end":{"line":145,"column":13}},"type":"if","locations":[{"start":{"line":121,"column":12},"end":{"line":145,"column":13}},{"start":{"line":142,"column":19},"end":{"line":145,"column":13}}],"line":121},"8":{"loc":{"start":{"line":122,"column":16},"end":{"line":141,"column":17}},"type":"if","locations":[{"start":{"line":122,"column":16},"end":{"line":141,"column":17}},{"start":{"line":138,"column":23},"end":{"line":141,"column":17}}],"line":122},"9":{"loc":{"start":{"line":128,"column":24},"end":{"line":136,"column":25}},"type":"if","locations":[{"start":{"line":128,"column":24},"end":{"line":136,"column":25}},{"start":{"line":131,"column":31},"end":{"line":136,"column":25}}],"line":128},"10":{"loc":{"start":{"line":158,"column":8},"end":{"line":177,"column":9}},"type":"if","locations":[{"start":{"line":158,"column":8},"end":{"line":177,"column":9}},{"start":{"line":160,"column":15},"end":{"line":177,"column":9}}],"line":158},"11":{"loc":{"start":{"line":161,"column":12},"end":{"line":176,"column":13}},"type":"if","locations":[{"start":{"line":161,"column":12},"end":{"line":176,"column":13}},{"start":{"line":174,"column":19},"end":{"line":176,"column":13}}],"line":161},"12":{"loc":{"start":{"line":165,"column":20},"end":{"line":172,"column":21}},"type":"if","locations":[{"start":{"line":165,"column":20},"end":{"line":172,"column":21}},{"start":{"line":167,"column":27},"end":{"line":172,"column":21}}],"line":165}},"s":{"0":1,"1":1,"2":1,"3":1,"4":1,"5":1,"6":1,"7":0,"8":0,"9":0,"10":0,"11":1,"12":0,"13":0,"14":0,"15":0,"16":1,"17":0,"18":0,"19":0,"20":0,"21":0,"22":0,"23":0,"24":0,"25":0,"26":0,"27":0,"28":1,"29":0,"30":0,"31":0,"32":0,"33":0,"34":0,"35":0,"36":0,"37":0,"38":0,"39":0,"40":0,"41":0,"42":0,"43":1,"44":0,"45":0,"46":0,"47":0,"48":0,"49":0,"50":0,"51":1,"52":0,"53":0,"54":0,"55":0,"56":0,"57":0,"58":0,"59":0,"60":0,"61":0,"62":0,"63":0,"64":0,"65":0,"66":0,"67":0,"68":0,"69":0,"70":0,"71":0,"72":1,"73":0,"74":0,"75":0,"76":0,"77":0,"78":0,"79":0,"80":0,"81":0,"82":0,"83":0,"84":0,"85":0,"86":1},"f":{"0":0,"1":0,"2":0,"3":0,"4":0,"5":0,"6":0,"7":0,"8":0,"9":0,"10":0,"11":0,"12":0,"13":0,"14":0,"15":0,"16":0},"b":{"0":[0,0],"1":[0,0],"2":[0,0],"3":[0,0],"4":[0,0],"5":[0,0],"6":[0,0],"7":[0,0],"8":[0,0],"9":[0,0],"10":[0,0],"11":[0,0],"12":[0,0]},"_coverageSchema":"1a1c01bbd47fc00a2c39e90264f33305004495a9","hash":"c68e511ce710f264b5efe5c2269b08da75c02c3d"}
}
